<?xml version="1.0" encoding="UTF-8"?>
<testsuite name="test.testCoursicle" tests="1" skipped="0" failures="0" errors="0" timestamp="2023-11-26T03:12:58" hostname="Jacksons-MacBook-Pro-2.local" time="8.018">
  <properties/>
  <testcase name="testT12SendDoesNotExistUniversityShortenedName()" classname="test.testCoursicle" time="8.018"/>
  <system-out><![CDATA[]]></system-out>
  <system-err><![CDATA[Nov 25, 2023 10:12:59 PM org.openqa.selenium.manager.SeleniumManager lambda$runCommand$1
INFO: Driver path: /Users/jacksonmiskill/.cache/selenium/geckodriver/mac64/0.33.0/geckodriver
Nov 25, 2023 10:12:59 PM org.openqa.selenium.manager.SeleniumManager lambda$runCommand$1
INFO: Browser path: /Applications/Firefox.app/Contents/MacOS/firefox
]]></system-err>
</testsuite>
